2025-05-27 19:32:54,699 - INFO - Начало обучения модели. Выходная директория: models, имя модели: linear
2025-05-27 19:32:54,709 - INFO - Данные разделены. X_train: (5600, 22), X_test: (1400, 22)
2025-05-27 19:32:54,709 - INFO - Обучение модели LinearRegression...
2025-05-27 19:32:54,724 - INFO - Модель успешно обучена
2025-05-27 19:32:54,725 - INFO - Метрики модели - MSE: 21888.66, R2: 0.53
2025-05-27 19:32:54,725 - INFO - Модель сохранена по пути: models/linear_model.pkl
2025-05-27 19:32:54,725 - INFO - Процесс обучения и сохранения модели завершен успешно
2025-05-27 19:58:23,071 - INFO - Начало обучения модели. Выходная директория: models, имя модели: linear
2025-05-27 19:58:23,082 - INFO - Данные разделены. X_train: (5600, 22), X_test: (1400, 22)
2025-05-27 19:58:23,082 - INFO - Обучение модели LinearRegression...
2025-05-27 19:58:23,093 - INFO - Модель успешно обучена
2025-05-27 19:58:23,094 - INFO - Метрики модели - MSE: 21888.66, R2: 0.53
2025-05-27 19:58:23,095 - INFO - Модель сохранена по пути: models/linear_model.pkl
2025-05-27 19:58:23,095 - INFO - Процесс обучения и сохранения модели завершен успешно
2025-05-27 20:28:25,716 - INFO - Начало обучения модели. Выходная директория: models, имя модели: linear
2025-05-27 20:28:25,725 - INFO - Данные разделены. X_train: (5600, 5), X_test: (1400, 5)
2025-05-27 20:28:25,725 - INFO - Обучение модели LinearRegression...
2025-05-27 20:28:25,726 - ERROR - Непредвиденная ошибка при обучении модели: could not convert string to float: 'Мясо'
2025-05-27 20:28:54,633 - INFO - Начало обучения модели. Выходная директория: models, имя модели: linear
2025-05-27 20:28:54,641 - INFO - Данные разделены. X_train: (5600, 5), X_test: (1400, 5)
2025-05-27 20:28:54,641 - INFO - Обучение модели LinearRegression...
2025-05-27 20:28:54,642 - ERROR - Непредвиденная ошибка при обучении модели: could not convert string to float: 'Мясо'
2025-05-27 20:30:29,035 - INFO - Начало обучения модели. Выходная директория: models, имя модели: linear
2025-05-27 20:30:29,044 - INFO - Данные разделены. X_train: (5600, 5), X_test: (1400, 5)
2025-05-27 20:30:29,044 - INFO - Обучение модели LinearRegression...
2025-05-27 20:30:29,046 - ERROR - Непредвиденная ошибка при обучении модели: could not convert string to float: 'Мясо'
2025-05-27 20:31:07,663 - INFO - Начало обучения модели. Выходная директория: models, имя модели: linear
2025-05-27 20:31:07,671 - INFO - Данные разделены. X_train: (5600, 5), X_test: (1400, 5)
2025-05-27 20:31:07,671 - INFO - Обучение модели LinearRegression...
2025-05-27 20:31:07,682 - INFO - Модель успешно обучена
2025-05-27 20:31:07,683 - INFO - Метрики модели - MSE: 43998.80, R2: 0.06
2025-05-27 20:31:07,684 - INFO - Модель сохранена по пути: models/linear_model.pkl
2025-05-27 20:31:07,684 - INFO - Процесс обучения и сохранения модели завершен успешно
2025-06-03 18:27:26,994 - INFO - Начало обучения модели. Выходная директория: models, имя модели: linear
2025-06-03 18:27:27,007 - INFO - Данные разделены. X_train: (5600, 5), X_test: (1400, 5)
2025-06-03 18:27:27,007 - INFO - Обучение модели LinearRegression...
2025-06-03 18:27:27,017 - INFO - Модель успешно обучена
2025-06-03 18:27:27,018 - INFO - Метрики модели - MSE: 43998.80, R2: 0.06
2025-06-03 18:27:27,019 - INFO - Модель сохранена по пути: models/linear_model.pkl
2025-06-03 18:27:27,019 - INFO - Процесс обучения и сохранения модели завершен успешно
2025-06-03 18:27:59,356 - INFO - Начало обучения модели. Выходная директория: models, имя модели: linear
2025-06-03 18:27:59,368 - INFO - Данные разделены. X_train: (5600, 5), X_test: (1400, 5)
2025-06-03 18:27:59,368 - INFO - Обучение модели LinearRegression...
2025-06-03 18:27:59,369 - INFO - Модель успешно обучена
2025-06-03 18:27:59,370 - INFO - Метрики модели - MSE: 43998.80, R2: 0.06
2025-06-03 18:27:59,370 - INFO - Модель сохранена по пути: models/Спрос_model.pkl
2025-06-03 18:27:59,370 - INFO - Процесс обучения и сохранения модели завершен успешно
2025-06-03 18:33:32,921 - INFO - Начало обучения модели. Выходная директория: models, имя модели: linear
2025-06-03 18:33:32,934 - INFO - Данные разделены. X_train: (5600, 5), X_test: (1400, 5)
2025-06-03 18:33:32,934 - INFO - Обучение модели LinearRegression...
2025-06-03 18:33:32,935 - INFO - Модель успешно обучена
2025-06-03 18:33:32,936 - INFO - Метрики модели - MSE: 43998.80, R2: 0.06
2025-06-03 18:33:32,936 - INFO - Модель сохранена по пути: models/Спрос_model.pkl
2025-06-03 18:33:32,936 - INFO - Процесс обучения и сохранения модели завершен успешно
2025-06-03 18:34:14,383 - INFO - Начало обучения модели. Выходная директория: models, имя модели: linear
2025-06-03 18:34:14,394 - INFO - Данные разделены. X_train: (5600, 5), X_test: (1400, 5)
2025-06-03 18:34:14,394 - INFO - Обучение модели LinearRegression...
2025-06-03 18:34:14,396 - INFO - Модель успешно обучена
2025-06-03 18:34:14,396 - INFO - Метрики модели - MSE: 43998.80, R2: 0.06
2025-06-03 18:34:14,397 - INFO - Модель сохранена по пути: models/Спрос_model.pkl
2025-06-03 18:34:14,397 - INFO - Процесс обучения и сохранения модели завершен успешно
2025-06-03 18:34:26,911 - INFO - Начало обучения модели. Выходная директория: models, имя модели: linear
2025-06-03 18:34:26,922 - INFO - Данные разделены. X_train: (5600, 5), X_test: (1400, 5)
2025-06-03 18:34:26,922 - INFO - Обучение модели LinearRegression...
2025-06-03 18:34:26,923 - INFO - Модель успешно обучена
2025-06-03 18:34:26,923 - ERROR - Непредвиденная ошибка при обучении модели: 'NoneType' object has no attribute 'append'
2025-06-03 18:35:05,298 - INFO - Начало обучения модели. Выходная директория: models, имя модели: linear
2025-06-03 18:35:05,311 - INFO - Данные разделены. X_train: (5600, 5), X_test: (1400, 5)
2025-06-03 18:35:05,311 - INFO - Обучение модели LinearRegression...
2025-06-03 18:35:05,312 - INFO - Модель успешно обучена
2025-06-03 18:35:05,312 - INFO - Метрики модели - MSE: 43998.80, R2: 0.06
2025-06-03 18:35:05,313 - INFO - Модель сохранена по пути: models/linear_model.pkl
2025-06-03 18:35:05,313 - INFO - Процесс обучения и сохранения модели завершен успешно
2025-06-03 18:35:36,348 - INFO - Начало обучения модели. Выходная директория: models, имя модели: linear
2025-06-03 18:35:36,359 - INFO - Данные разделены. X_train: (5600, 5), X_test: (1400, 5)
2025-06-03 18:35:36,359 - INFO - Обучение модели LinearRegression...
2025-06-03 18:35:36,360 - INFO - Модель успешно обучена
2025-06-03 18:35:36,361 - INFO - Метрики модели - MSE: 43998.80, R2: 0.06
2025-06-03 18:35:36,361 - INFO - Модель сохранена по пути: models/linear_model.pkl
2025-06-03 18:35:36,361 - INFO - Процесс обучения и сохранения модели завершен успешно
2025-06-03 18:36:05,446 - INFO - Начало обучения модели. Выходная директория: models, имя модели: linear
2025-06-03 18:36:05,457 - INFO - Данные разделены. X_train: (5600, 5), X_test: (1400, 5)
2025-06-03 18:36:05,457 - INFO - Обучение модели LinearRegression...
2025-06-03 18:36:05,458 - INFO - Модель успешно обучена
2025-06-03 18:36:05,459 - INFO - Метрики модели - MSE: 43998.80, R2: 0.06
2025-06-03 18:36:05,459 - INFO - Модель сохранена по пути: models/linear_model.pkl
2025-06-03 18:36:05,459 - INFO - Процесс обучения и сохранения модели завершен успешно
2025-06-03 18:40:55,524 - INFO - Начало обучения модели. Выходная директория: models, имя модели: linear
2025-06-03 18:40:55,535 - INFO - Данные разделены. X_train: (5600, 5), X_test: (1400, 5)
2025-06-03 18:40:55,535 - INFO - Обучение модели LinearRegression...
2025-06-03 18:40:55,536 - INFO - Модель успешно обучена
2025-06-03 18:40:55,537 - INFO - Метрики модели - MSE: 43998.80, R2: 0.06
2025-06-03 18:40:55,537 - INFO - Модель сохранена по пути: models/linear_model.pkl
2025-06-03 18:40:55,537 - INFO - Процесс обучения и сохранения модели завершен успешно
2025-06-03 18:41:47,704 - INFO - Начало обучения модели. Выходная директория: models, имя модели: linear
2025-06-03 18:41:47,715 - INFO - Данные разделены. X_train: (5600, 5), X_test: (1400, 5)
2025-06-03 18:41:47,715 - INFO - Обучение модели LinearRegression...
2025-06-03 18:41:47,716 - INFO - Модель успешно обучена
2025-06-03 18:41:47,717 - INFO - Метрики модели - MSE: 43998.80, R2: 0.06
2025-06-03 18:41:47,717 - INFO - Модель сохранена по пути: models/linear_model.pkl
2025-06-03 18:41:47,717 - INFO - Процесс обучения и сохранения модели завершен успешно
2025-06-03 18:42:10,425 - INFO - Начало обучения модели. Выходная директория: models, имя модели: linear
2025-06-03 18:42:10,436 - INFO - Данные разделены. X_train: (5600, 5), X_test: (1400, 5)
2025-06-03 18:42:10,436 - INFO - Обучение модели LinearRegression...
2025-06-03 18:42:10,437 - INFO - Модель успешно обучена
2025-06-03 18:42:10,438 - INFO - Метрики модели - MSE: 43998.80, R2: 0.06
2025-06-03 18:42:10,438 - INFO - Модель сохранена по пути: models/linear_model.pkl
2025-06-03 18:42:10,438 - INFO - Процесс обучения и сохранения модели завершен успешно
2025-06-03 18:42:17,851 - INFO - Начало обучения модели. Выходная директория: models, имя модели: linear
2025-06-03 18:42:17,862 - INFO - Данные разделены. X_train: (5600, 5), X_test: (1400, 5)
2025-06-03 18:42:17,862 - INFO - Обучение модели LinearRegression...
2025-06-03 18:42:17,863 - INFO - Модель успешно обучена
2025-06-03 18:42:17,864 - INFO - Метрики модели - MSE: 43998.80, R2: 0.06
2025-06-03 18:42:17,864 - INFO - Модель сохранена по пути: models/linear_model.pkl
2025-06-03 18:42:17,864 - INFO - Процесс обучения и сохранения модели завершен успешно
2025-06-03 18:48:09,104 - INFO - Начало обучения модели. Выходная директория: models, имя модели: linear
2025-06-03 18:48:09,116 - INFO - Данные разделены. X_train: (5600, 5), X_test: (1400, 5)
2025-06-03 18:48:09,116 - INFO - Обучение модели LinearRegression...
2025-06-03 18:48:09,117 - INFO - Модель успешно обучена
2025-06-03 18:48:09,118 - INFO - Метрики модели - MSE: 43998.80, R2: 0.06
2025-06-03 18:48:09,118 - INFO - Модель сохранена по пути: models/linear_model.pkl
2025-06-03 18:48:09,118 - INFO - Процесс обучения и сохранения модели завершен успешно
2025-06-03 19:11:07,992 - INFO - Начало обучения модели. Выходная директория: models, имя модели: linear
2025-06-03 19:11:08,005 - INFO - Данные разделены. X_train: (5600, 5), X_test: (1400, 5)
2025-06-03 19:11:08,005 - INFO - Обучение модели LinearRegression...
2025-06-03 19:11:08,006 - INFO - Модель успешно обучена
2025-06-03 19:11:08,006 - ERROR - Непредвиденная ошибка при обучении модели: 'float' object has no attribute 'round'
2025-06-03 19:12:40,609 - INFO - Начало обучения модели. Выходная директория: models, имя модели: linear
2025-06-03 19:12:40,621 - INFO - Данные разделены. X_train: (5600, 5), X_test: (1400, 5)
2025-06-03 19:12:40,621 - INFO - Обучение модели LinearRegression...
2025-06-03 19:12:40,622 - INFO - Модель успешно обучена
2025-06-03 19:12:40,623 - INFO - Метрики модели - MSE: 43998.80, R2: 0.06
2025-06-03 19:12:40,624 - INFO - Модель сохранена по пути: models/linear_model.pkl
2025-06-03 19:12:40,624 - INFO - Процесс обучения и сохранения модели завершен успешно
2025-06-03 19:15:00,396 - INFO - Начало обучения модели. Выходная директория: models, имя модели: linear
2025-06-03 19:15:00,408 - INFO - Данные разделены. X_train: (5600, 5), X_test: (1400, 5)
2025-06-03 19:15:00,408 - INFO - Обучение модели LinearRegression...
2025-06-03 19:15:00,409 - INFO - Модель успешно обучена
2025-06-03 19:15:00,410 - INFO - Метрики модели - MSE: 43998.80, R2: 0.06
2025-06-03 19:15:00,410 - INFO - Модель сохранена по пути: models/linear_model.pkl
2025-06-03 19:15:00,410 - INFO - Процесс обучения и сохранения модели завершен успешно
